[2025-11-07 19:41:30,970] 11 networksecurity - INFO - Starting the data ingestion component
[2025-11-07 19:42:06,006] 73 networksecurity - ERROR - Failed to export collection from MongoDB: SSL handshake failed: ac-atny5bi-shard-00-01.opcjqim.mongodb.net:27017: [SSL: TLSV1_ALERT_INTERNAL_ERROR] tlsv1 alert internal error (_ssl.c:1032) (configured timeouts: socketTimeoutMS: 20000.0ms, connectTimeoutMS: 20000.0ms),SSL handshake failed: ac-atny5bi-shard-00-02.opcjqim.mongodb.net:27017: [SSL: TLSV1_ALERT_INTERNAL_ERROR] tlsv1 alert internal error (_ssl.c:1032) (configured timeouts: socketTimeoutMS: 20000.0ms, connectTimeoutMS: 20000.0ms),SSL handshake failed: ac-atny5bi-shard-00-00.opcjqim.mongodb.net:27017: [SSL: TLSV1_ALERT_INTERNAL_ERROR] tlsv1 alert internal error (_ssl.c:1032) (configured timeouts: socketTimeoutMS: 20000.0ms, connectTimeoutMS: 20000.0ms), Timeout: 30s, Topology Description: <TopologyDescription id: 690dfe134bbab1ec40afb784, topology_type: ReplicaSetNoPrimary, servers: [<ServerDescription ('ac-atny5bi-shard-00-00.opcjqim.mongodb.net', 27017) server_type: Unknown, rtt: None, error=AutoReconnect('SSL handshake failed: ac-atny5bi-shard-00-00.opcjqim.mongodb.net:27017: [SSL: TLSV1_ALERT_INTERNAL_ERROR] tlsv1 alert internal error (_ssl.c:1032) (configured timeouts: socketTimeoutMS: 20000.0ms, connectTimeoutMS: 20000.0ms)')>, <ServerDescription ('ac-atny5bi-shard-00-01.opcjqim.mongodb.net', 27017) server_type: Unknown, rtt: None, error=AutoReconnect('SSL handshake failed: ac-atny5bi-shard-00-01.opcjqim.mongodb.net:27017: [SSL: TLSV1_ALERT_INTERNAL_ERROR] tlsv1 alert internal error (_ssl.c:1032) (configured timeouts: socketTimeoutMS: 20000.0ms, connectTimeoutMS: 20000.0ms)')>, <ServerDescription ('ac-atny5bi-shard-00-02.opcjqim.mongodb.net', 27017) server_type: Unknown, rtt: None, error=AutoReconnect('SSL handshake failed: ac-atny5bi-shard-00-02.opcjqim.mongodb.net:27017: [SSL: TLSV1_ALERT_INTERNAL_ERROR] tlsv1 alert internal error (_ssl.c:1032) (configured timeouts: socketTimeoutMS: 20000.0ms, connectTimeoutMS: 20000.0ms)')>]>
[2025-11-07 19:42:06,008] 78 networksecurity - INFO - Falling back to local CSV at D:\NetworkSecurity\Network_Data\phisingData.csv
[2025-11-07 19:42:06,084] 114 root - INFO - Performed train test split
[2025-11-07 19:42:06,085] 120 root - INFO - Exporting train and test file path
[2025-11-07 19:42:06,113] 16 networksecurity - INFO - Data ingestion artifact:ArtifactEntity(trained_file_path='Artifacts\\artifact\\20251107194130\\data_ingestion\\ingested\\train.csv', test_file_path='Artifacts\\artifact\\20251107194130\\data_ingestion\\ingested\\test.csv')
[2025-11-07 19:42:06,116] 22 networksecurity - INFO - Starting data validation
[2025-11-07 19:42:06,116] 38 networksecurity - INFO - starting data validation
[2025-11-07 19:42:06,132] 27 networksecurity - INFO - required number of columns :31
[2025-11-07 19:42:06,132] 28 networksecurity - INFO - dataframe has columns :31
[2025-11-07 19:42:06,132] 27 networksecurity - INFO - required number of columns :31
[2025-11-07 19:42:06,132] 28 networksecurity - INFO - dataframe has columns :31
[2025-11-07 19:42:06,211] 24 networksecurity - INFO - Data validation artifact:DataValidationArtifact(validation_status=True, valid_train_file_path='Artifacts\\data_validation\\validated\\train.csv', valid_test_file_path='Artifacts\\data_validation\\validated\\test.csv', invalid_train_file_path=None, invalid_test_file_path=None, drift_report_file_path='Artifacts\\data_validation\\drift_report\\report.yaml')
[2025-11-07 19:42:06,212] 36 networksecurity - ERROR - error occurred in python script name [D:\NetworkSecurity\main.py] at line number [25] error message [module 'networksecurity.constant.training_pipeline' has no attribute 'DATA_TRANSFORMATION_OBJECT_DIR']
Traceback (most recent call last):
  File "D:\NetworkSecurity\main.py", line 25, in <module>
    data_transformation_config=DataTransformationConfig(training_pipeline_config)
  File "D:\NetworkSecurity\networksecurity\entity\config_entity.py", line 70, in __init__
    self.data_transformation_dir_path:str=os.path.join(self.data_transformation_dir,training_pipeline.DATA_TRANSFORMATION_OBJECT_DIR,training_pipeline.PREPROCESSING_OBJECT_FILE_NAME)
                                                                                    ^^^^^^^^^^^^^^^^^^^^^^^^^^^^^^^^^^^^^^^^^^^^^^^^
AttributeError: module 'networksecurity.constant.training_pipeline' has no attribute 'DATA_TRANSFORMATION_OBJECT_DIR'. Did you mean: 'DATA_TRANSFORMATION_DIR_NAME'?
