[2025-11-07 19:48:24,420] 11 networksecurity - INFO - Starting the data ingestion component
[2025-11-07 19:48:59,186] 73 networksecurity - ERROR - Failed to export collection from MongoDB: SSL handshake failed: ac-atny5bi-shard-00-01.opcjqim.mongodb.net:27017: [SSL: TLSV1_ALERT_INTERNAL_ERROR] tlsv1 alert internal error (_ssl.c:1032) (configured timeouts: socketTimeoutMS: 20000.0ms, connectTimeoutMS: 20000.0ms),SSL handshake failed: ac-atny5bi-shard-00-00.opcjqim.mongodb.net:27017: [SSL: TLSV1_ALERT_INTERNAL_ERROR] tlsv1 alert internal error (_ssl.c:1032) (configured timeouts: socketTimeoutMS: 20000.0ms, connectTimeoutMS: 20000.0ms),SSL handshake failed: ac-atny5bi-shard-00-02.opcjqim.mongodb.net:27017: [SSL: TLSV1_ALERT_INTERNAL_ERROR] tlsv1 alert internal error (_ssl.c:1032) (configured timeouts: socketTimeoutMS: 20000.0ms, connectTimeoutMS: 20000.0ms), Timeout: 30s, Topology Description: <TopologyDescription id: 690dffb0ebbb98f7f2107d4f, topology_type: ReplicaSetNoPrimary, servers: [<ServerDescription ('ac-atny5bi-shard-00-00.opcjqim.mongodb.net', 27017) server_type: Unknown, rtt: None, error=AutoReconnect('SSL handshake failed: ac-atny5bi-shard-00-00.opcjqim.mongodb.net:27017: [SSL: TLSV1_ALERT_INTERNAL_ERROR] tlsv1 alert internal error (_ssl.c:1032) (configured timeouts: socketTimeoutMS: 20000.0ms, connectTimeoutMS: 20000.0ms)')>, <ServerDescription ('ac-atny5bi-shard-00-01.opcjqim.mongodb.net', 27017) server_type: Unknown, rtt: None, error=AutoReconnect('SSL handshake failed: ac-atny5bi-shard-00-01.opcjqim.mongodb.net:27017: [SSL: TLSV1_ALERT_INTERNAL_ERROR] tlsv1 alert internal error (_ssl.c:1032) (configured timeouts: socketTimeoutMS: 20000.0ms, connectTimeoutMS: 20000.0ms)')>, <ServerDescription ('ac-atny5bi-shard-00-02.opcjqim.mongodb.net', 27017) server_type: Unknown, rtt: None, error=AutoReconnect('SSL handshake failed: ac-atny5bi-shard-00-02.opcjqim.mongodb.net:27017: [SSL: TLSV1_ALERT_INTERNAL_ERROR] tlsv1 alert internal error (_ssl.c:1032) (configured timeouts: socketTimeoutMS: 20000.0ms, connectTimeoutMS: 20000.0ms)')>]>
[2025-11-07 19:48:59,187] 78 networksecurity - INFO - Falling back to local CSV at D:\NetworkSecurity\Network_Data\phisingData.csv
[2025-11-07 19:48:59,278] 114 root - INFO - Performed train test split
[2025-11-07 19:48:59,278] 120 root - INFO - Exporting train and test file path
[2025-11-07 19:48:59,314] 16 networksecurity - INFO - Data ingestion artifact:ArtifactEntity(trained_file_path='Artifacts\\artifact\\20251107194824\\data_ingestion\\ingested\\train.csv', test_file_path='Artifacts\\artifact\\20251107194824\\data_ingestion\\ingested\\test.csv')
[2025-11-07 19:48:59,318] 22 networksecurity - INFO - Starting data validation
[2025-11-07 19:48:59,318] 38 networksecurity - INFO - starting data validation
[2025-11-07 19:48:59,334] 27 networksecurity - INFO - required number of columns :31
[2025-11-07 19:48:59,334] 28 networksecurity - INFO - dataframe has columns :31
[2025-11-07 19:48:59,334] 27 networksecurity - INFO - required number of columns :31
[2025-11-07 19:48:59,334] 28 networksecurity - INFO - dataframe has columns :31
[2025-11-07 19:48:59,417] 24 networksecurity - INFO - Data validation artifact:DataValidationArtifact(validation_status=True, valid_train_file_path='Artifacts\\data_validation\\validated\\train.csv', valid_test_file_path='Artifacts\\data_validation\\validated\\test.csv', invalid_train_file_path=None, invalid_test_file_path=None, drift_report_file_path='Artifacts\\data_validation\\drift_report\\report.yaml')
[2025-11-07 19:48:59,417] 63 root - INFO - Entered initiate_data_transformation method of DataTransformation class
[2025-11-07 19:48:59,417] 65 root - INFO - Starting data transformation
[2025-11-07 19:48:59,431] 48 root - INFO - Entered get_data_trnasformer_object method of Trnasformation class
[2025-11-07 19:48:59,432] 53 root - INFO - Initialise KNNImputer with {'missing_values': nan, 'n_neighbors': 3, 'weights': 'uniform'}
[2025-11-07 19:48:59,439] 37 networksecurity - INFO - Saving object file at : Artifacts\artifact\20251107194824\data_transformation\transformed-object\preprocessor.pkl
[2025-11-07 19:48:59,442] 37 networksecurity - INFO - Saving object file at : final_model/preprocessor.pkl
[2025-11-07 19:48:59,444] 29 networksecurity - INFO - Data Transformation artifact:DataTransformationArtifact(transformed_train_file_path='Artifacts\\artifact\\20251107194824\\data_transformation\\transformed\\train.npy', transformed_test_file_path='Artifacts\\artifact\\20251107194824\\data_transformation\\transformed\\test.npy', preprocessor_object_path='Artifacts\\artifact\\20251107194824\\data_transformation\\transformed-object\\preprocessor.pkl')
